  Enemy.cpp
  EnemyBullet.cpp
  Bullet.cpp
C:\Users\Maximiliano\Desktop\Redline\RedLine\RedLine\Bullet.cpp(40,11): warning C4244: 'argumento': conversión de 'int' a 'float'; posible pérdida de datos
C:\Users\Maximiliano\Desktop\Redline\RedLine\RedLine\Bullet.cpp(41,11): warning C4244: 'argumento': conversión de 'int' a 'float'; posible pérdida de datos
C:\Users\Maximiliano\Desktop\Redline\RedLine\RedLine\Bullet.cpp(53,52): warning C4244: 'argumento': conversión de 'float' a 'int'; posible pérdida de datos
  Game.cpp
  GenericEnemy1.cpp
C:\Users\Maximiliano\Desktop\Redline\RedLine\RedLine\Bullet.cpp(53,40): warning C4244: 'argumento': conversión de 'float' a 'int'; posible pérdida de datos
C:\Users\Maximiliano\Desktop\Redline\RedLine\RedLine\GenericEnemy1.cpp(11,11): warning C4244: 'argumento': conversión de 'int' a 'float'; posible pérdida de datos
C:\Users\Maximiliano\Desktop\Redline\RedLine\RedLine\GenericEnemy1.cpp(12,11): warning C4244: 'argumento': conversión de 'int' a 'float'; posible pérdida de datos
C:\Users\Maximiliano\Desktop\Redline\RedLine\RedLine\GenericEnemy1.cpp(39,63): warning C4244: 'argumento': conversión de 'float' a 'int'; posible pérdida de datos
C:\Users\Maximiliano\Desktop\Redline\RedLine\RedLine\GenericEnemy1.cpp(39,53): warning C4244: 'argumento': conversión de 'float' a 'int'; posible pérdida de datos
C:\Users\Maximiliano\Desktop\Redline\RedLine\RedLine\GenericEnemy1.cpp(39,39): warning C4244: 'argumento': conversión de 'float' a 'int'; posible pérdida de datos
C:\Users\Maximiliano\Desktop\Redline\RedLine\RedLine\GenericEnemy1.cpp(39,28): warning C4244: 'argumento': conversión de 'float' a 'int'; posible pérdida de datos
C:\Users\Maximiliano\Desktop\Redline\RedLine\RedLine\GenericEnemy1.cpp(51,24): warning C4244: 'argumento': conversión de 'double' a 'float'; posible pérdida de datos
C:\Users\Maximiliano\Desktop\Redline\RedLine\RedLine\GenericEnemy1.cpp(52,41): warning C4244: 'argumento': conversión de 'double' a 'float'; posible pérdida de datos
C:\Users\Maximiliano\Desktop\Redline\RedLine\RedLine\GenericEnemy1.cpp(71,10): warning C4244: 'inicializando': conversión de 'double' a 'float'; posible pérdida de datos
C:\Users\Maximiliano\Desktop\Redline\RedLine\RedLine\GenericEnemy1.cpp(87,61): warning C4244: 'argumento': conversión de 'float' a 'int'; posible pérdida de datos
  GenericEnemy2.cpp
C:\Users\Maximiliano\Desktop\Redline\RedLine\RedLine\GenericEnemy1.cpp(87,49): warning C4244: 'argumento': conversión de 'float' a 'int'; posible pérdida de datos
C:\Users\Maximiliano\Desktop\Redline\RedLine\RedLine\GenericEnemy2.cpp(13,17): warning C4244: 'argumento': conversión de 'int' a 'float'; posible pérdida de datos
C:\Users\Maximiliano\Desktop\Redline\RedLine\RedLine\GenericEnemy2.cpp(14,17): warning C4244: 'argumento': conversión de 'int' a 'float'; posible pérdida de datos
C:\Users\Maximiliano\Desktop\Redline\RedLine\RedLine\GenericEnemy2.cpp(46,63): warning C4244: 'argumento': conversión de 'float' a 'int'; posible pérdida de datos
C:\Users\Maximiliano\Desktop\Redline\RedLine\RedLine\GenericEnemy2.cpp(46,53): warning C4244: 'argumento': conversión de 'float' a 'int'; posible pérdida de datos
C:\Users\Maximiliano\Desktop\Redline\RedLine\RedLine\GenericEnemy2.cpp(46,39): warning C4244: 'argumento': conversión de 'float' a 'int'; posible pérdida de datos
C:\Users\Maximiliano\Desktop\Redline\RedLine\RedLine\GenericEnemy2.cpp(46,28): warning C4244: 'argumento': conversión de 'float' a 'int'; posible pérdida de datos
C:\Users\Maximiliano\Desktop\Redline\RedLine\RedLine\GenericEnemy2.cpp(68,24): warning C4244: 'argumento': conversión de 'double' a 'float'; posible pérdida de datos
C:\Users\Maximiliano\Desktop\Redline\RedLine\RedLine\GenericEnemy2.cpp(71,26): warning C4244: 'argumento': conversión de 'double' a 'float'; posible pérdida de datos
C:\Users\Maximiliano\Desktop\Redline\RedLine\RedLine\GenericEnemy2.cpp(72,26): warning C4244: 'argumento': conversión de 'double' a 'float'; posible pérdida de datos
  main.cpp
C:\Users\Maximiliano\Desktop\Redline\RedLine\RedLine\GenericEnemy2.cpp(92,10): warning C4244: 'inicializando': conversión de 'double' a 'float'; posible pérdida de datos
C:\Users\Maximiliano\Desktop\Redline\RedLine\RedLine\main.cpp(95,6): warning C4101: 'audio_rate': variable local sin referencia
C:\Users\Maximiliano\Desktop\Redline\RedLine\RedLine\main.cpp(98,13): warning C4101: 'music': variable local sin referencia
C:\Users\Maximiliano\Desktop\Redline\RedLine\RedLine\main.cpp(96,9): warning C4101: 'audio_format': variable local sin referencia
C:\Users\Maximiliano\Desktop\Redline\RedLine\RedLine\main.cpp(97,9): warning C4101: 't': variable local sin referencia
  Player.cpp
C:\Users\Maximiliano\Desktop\Redline\RedLine\RedLine\main.cpp(95,18): warning C4101: 'audio_channels': variable local sin referencia
C:\Users\Maximiliano\Desktop\Redline\RedLine\RedLine\Player.cpp(15,11): warning C4244: 'argumento': conversión de 'int' a 'float'; posible pérdida de datos
C:\Users\Maximiliano\Desktop\Redline\RedLine\RedLine\Player.cpp(16,11): warning C4244: 'argumento': conversión de 'int' a 'float'; posible pérdida de datos
C:\Users\Maximiliano\Desktop\Redline\RedLine\RedLine\Player.cpp(69,67): warning C4244: 'argumento': conversión de 'float' a 'int'; posible pérdida de datos
C:\Users\Maximiliano\Desktop\Redline\RedLine\RedLine\Player.cpp(69,52): warning C4244: 'argumento': conversión de 'float' a 'int'; posible pérdida de datos
C:\Users\Maximiliano\Desktop\Redline\RedLine\RedLine\Player.cpp(81,102): warning C4244: 'argumento': conversión de 'float' a 'int'; posible pérdida de datos
C:\Users\Maximiliano\Desktop\Redline\RedLine\RedLine\Player.cpp(81,92): warning C4244: 'argumento': conversión de 'float' a 'int'; posible pérdida de datos
C:\Users\Maximiliano\Desktop\Redline\RedLine\RedLine\Player.cpp(81,40): warning C4244: 'argumento': conversión de 'float' a 'int'; posible pérdida de datos
  PlayerBullet.cpp
  Generando código...
C:\Users\Maximiliano\Desktop\Redline\RedLine\RedLine\Player.cpp(81,28): warning C4244: 'argumento': conversión de 'float' a 'int'; posible pérdida de datos
  RedLine.vcxproj -> C:\Users\Maximiliano\Desktop\Redline\RedLine\Debug\RedLine.exe
